0 verbose cli /usr/local/bin/node /usr/local/bin/npm
1 info using npm@10.9.0
2 info using node@v22.12.0
3 silly config load:file:/usr/local/lib/node_modules/npm/npmrc
4 silly config load:file:/Users/peter/Library/Mobile Documents/com~apple~CloudDocs/KLITE-RPmod/.npmrc
5 silly config load:file:/Users/peter/.npmrc
6 silly config load:file:/usr/local/etc/npmrc
7 verbose title npm install jsdom@24
8 verbose argv "install" "jsdom@24" "--save-dev"
9 verbose logfile logs-max:10 dir:/Users/peter/Library/Mobile Documents/com~apple~CloudDocs/KLITE-RPmod/.npm-cache/_logs/2025-08-20T18_42_01_518Z-
10 verbose logfile /Users/peter/Library/Mobile Documents/com~apple~CloudDocs/KLITE-RPmod/.npm-cache/_logs/2025-08-20T18_42_01_518Z-debug-0.log
11 silly logfile done cleaning log files
12 silly packumentCache heap:2197815296 maxSize:549453824 maxEntrySize:274726912
13 silly idealTree buildDeps
14 silly fetch manifest jsdom@24
15 silly packumentCache full:https://registry.npmjs.org/jsdom cache-miss
16 http fetch GET 200 https://registry.npmjs.org/jsdom 95ms (cache miss)
17 silly packumentCache full:https://registry.npmjs.org/jsdom set size:undefined disposed:false
18 silly fetch manifest canvas@^2.11.2
19 silly packumentCache full:https://registry.npmjs.org/canvas cache-miss
20 http fetch GET 200 https://registry.npmjs.org/npm 142ms
21 http fetch GET 200 https://registry.npmjs.org/canvas 57ms (cache miss)
22 silly packumentCache full:https://registry.npmjs.org/canvas set size:undefined disposed:false
23 silly placeDep ROOT jsdom@24.1.3 OK for: klite-rpmod@1.0.0 want: 24
24 silly fetch manifest ws@^8.18.0
25 silly packumentCache full:https://registry.npmjs.org/ws cache-miss
26 silly fetch manifest saxes@^6.0.0
27 silly packumentCache full:https://registry.npmjs.org/saxes cache-miss
28 silly fetch manifest nwsapi@^2.2.12
29 silly packumentCache full:https://registry.npmjs.org/nwsapi cache-miss
30 silly fetch manifest parse5@^7.1.2
31 silly packumentCache full:https://registry.npmjs.org/parse5 cache-miss
32 silly fetch manifest cssstyle@^4.0.1
33 silly packumentCache full:https://registry.npmjs.org/cssstyle cache-miss
34 silly fetch manifest data-urls@^5.0.0
35 silly packumentCache full:https://registry.npmjs.org/data-urls cache-miss
36 silly fetch manifest form-data@^4.0.0
37 silly packumentCache full:https://registry.npmjs.org/form-data cache-miss
38 http fetch GET 200 https://registry.npmjs.org/saxes 45ms (cache miss)
39 silly packumentCache full:https://registry.npmjs.org/saxes set size:undefined disposed:false
40 silly fetch manifest decimal.js@^10.4.3
41 silly packumentCache full:https://registry.npmjs.org/decimal.js cache-miss
42 http fetch GET 200 https://registry.npmjs.org/ws 66ms (cache miss)
43 silly packumentCache full:https://registry.npmjs.org/ws set size:undefined disposed:false
44 silly fetch manifest whatwg-url@^14.0.0
45 silly packumentCache full:https://registry.npmjs.org/whatwg-url cache-miss
46 http fetch GET 200 https://registry.npmjs.org/nwsapi 80ms (cache miss)
47 silly packumentCache full:https://registry.npmjs.org/nwsapi set size:undefined disposed:false
48 silly fetch manifest rrweb-cssom@^0.7.1
49 silly packumentCache full:https://registry.npmjs.org/rrweb-cssom cache-miss
50 http fetch GET 200 https://registry.npmjs.org/form-data 86ms (cache miss)
51 silly packumentCache full:https://registry.npmjs.org/form-data set size:undefined disposed:false
52 silly fetch manifest symbol-tree@^3.2.4
53 silly packumentCache full:https://registry.npmjs.org/symbol-tree cache-miss
54 http fetch GET 200 https://registry.npmjs.org/cssstyle 96ms (cache miss)
55 silly packumentCache full:https://registry.npmjs.org/cssstyle set size:undefined disposed:false
56 silly fetch manifest tough-cookie@^4.1.4
57 silly packumentCache full:https://registry.npmjs.org/tough-cookie cache-miss
58 http fetch GET 200 https://registry.npmjs.org/decimal.js 52ms (cache miss)
59 silly packumentCache full:https://registry.npmjs.org/decimal.js set size:undefined disposed:false
60 silly fetch manifest whatwg-encoding@^3.1.1
61 silly packumentCache full:https://registry.npmjs.org/whatwg-encoding cache-miss
62 http fetch GET 200 https://registry.npmjs.org/data-urls 105ms (cache miss)
63 silly packumentCache full:https://registry.npmjs.org/data-urls set size:undefined disposed:false
64 silly fetch manifest whatwg-mimetype@^4.0.0
65 silly packumentCache full:https://registry.npmjs.org/whatwg-mimetype cache-miss
66 http fetch GET 200 https://registry.npmjs.org/parse5 111ms (cache miss)
67 silly packumentCache full:https://registry.npmjs.org/parse5 set size:undefined disposed:false
68 silly fetch manifest http-proxy-agent@^7.0.2
69 silly packumentCache full:https://registry.npmjs.org/http-proxy-agent cache-miss
70 http fetch GET 200 https://registry.npmjs.org/rrweb-cssom 32ms (cache miss)
71 silly packumentCache full:https://registry.npmjs.org/rrweb-cssom set size:undefined disposed:false
72 silly fetch manifest https-proxy-agent@^7.0.5
73 silly packumentCache full:https://registry.npmjs.org/https-proxy-agent cache-miss
74 http fetch GET 200 https://registry.npmjs.org/whatwg-url 50ms (cache miss)
75 silly packumentCache full:https://registry.npmjs.org/whatwg-url set size:undefined disposed:false
76 silly fetch manifest w3c-xmlserializer@^5.0.0
77 silly packumentCache full:https://registry.npmjs.org/w3c-xmlserializer cache-miss
78 http fetch GET 200 https://registry.npmjs.org/symbol-tree 40ms (cache miss)
79 silly packumentCache full:https://registry.npmjs.org/symbol-tree set size:undefined disposed:false
80 silly fetch manifest webidl-conversions@^7.0.0
81 silly packumentCache full:https://registry.npmjs.org/webidl-conversions cache-miss
82 http fetch GET 200 https://registry.npmjs.org/tough-cookie 38ms (cache miss)
83 silly packumentCache full:https://registry.npmjs.org/tough-cookie set size:undefined disposed:false
84 silly fetch manifest xml-name-validator@^5.0.0
85 silly packumentCache full:https://registry.npmjs.org/xml-name-validator cache-miss
86 http fetch GET 200 https://registry.npmjs.org/whatwg-encoding 39ms (cache miss)
87 silly packumentCache full:https://registry.npmjs.org/whatwg-encoding set size:undefined disposed:false
88 silly fetch manifest html-encoding-sniffer@^4.0.0
89 silly packumentCache full:https://registry.npmjs.org/html-encoding-sniffer cache-miss
90 http fetch GET 200 https://registry.npmjs.org/whatwg-mimetype 46ms (cache miss)
91 silly packumentCache full:https://registry.npmjs.org/whatwg-mimetype set size:undefined disposed:false
92 silly fetch manifest is-potential-custom-element-name@^1.0.1
93 silly packumentCache full:https://registry.npmjs.org/is-potential-custom-element-name cache-miss
94 http fetch GET 200 https://registry.npmjs.org/https-proxy-agent 42ms (cache miss)
95 silly packumentCache full:https://registry.npmjs.org/https-proxy-agent set size:undefined disposed:false
96 http fetch GET 200 https://registry.npmjs.org/http-proxy-agent 55ms (cache miss)
97 silly packumentCache full:https://registry.npmjs.org/http-proxy-agent set size:undefined disposed:false
98 http fetch GET 200 https://registry.npmjs.org/webidl-conversions 40ms (cache miss)
99 silly packumentCache full:https://registry.npmjs.org/webidl-conversions set size:undefined disposed:false
100 http fetch GET 200 https://registry.npmjs.org/html-encoding-sniffer 34ms (cache miss)
101 silly packumentCache full:https://registry.npmjs.org/html-encoding-sniffer set size:undefined disposed:false
102 http fetch GET 200 https://registry.npmjs.org/is-potential-custom-element-name 52ms (cache miss)
103 silly packumentCache full:https://registry.npmjs.org/is-potential-custom-element-name set size:undefined disposed:false
104 http fetch GET 200 https://registry.npmjs.org/w3c-xmlserializer 607ms (cache miss)
105 silly packumentCache full:https://registry.npmjs.org/w3c-xmlserializer set size:undefined disposed:false
106 http fetch GET 200 https://registry.npmjs.org/xml-name-validator 591ms (cache miss)
107 silly packumentCache full:https://registry.npmjs.org/xml-name-validator set size:undefined disposed:false
108 silly fetch manifest bufferutil@^4.0.1
109 silly packumentCache full:https://registry.npmjs.org/bufferutil cache-miss
110 http fetch GET 200 https://registry.npmjs.org/bufferutil 35ms (cache miss)
111 silly packumentCache full:https://registry.npmjs.org/bufferutil set size:undefined disposed:false
112 silly fetch manifest utf-8-validate@>=5.0.2
113 silly packumentCache full:https://registry.npmjs.org/utf-8-validate cache-miss
114 http fetch GET 200 https://registry.npmjs.org/utf-8-validate 57ms (cache miss)
115 silly packumentCache full:https://registry.npmjs.org/utf-8-validate set size:undefined disposed:false
116 silly placeDep ROOT cssstyle@4.6.0 OK for: jsdom@24.1.3 want: ^4.0.1
117 silly placeDep ROOT data-urls@5.0.0 OK for: jsdom@24.1.3 want: ^5.0.0
118 silly placeDep ROOT decimal.js@10.6.0 OK for: jsdom@24.1.3 want: ^10.4.3
119 silly placeDep ROOT form-data@4.0.4 OK for: jsdom@24.1.3 want: ^4.0.0
120 silly placeDep ROOT html-encoding-sniffer@4.0.0 OK for: jsdom@24.1.3 want: ^4.0.0
121 silly placeDep ROOT http-proxy-agent@7.0.2 OK for: jsdom@24.1.3 want: ^7.0.2
122 silly placeDep ROOT https-proxy-agent@7.0.6 OK for: jsdom@24.1.3 want: ^7.0.5
123 silly placeDep ROOT is-potential-custom-element-name@1.0.1 OK for: jsdom@24.1.3 want: ^1.0.1
124 silly placeDep ROOT nwsapi@2.2.21 OK for: jsdom@24.1.3 want: ^2.2.12
125 silly placeDep ROOT parse5@7.3.0 OK for: jsdom@24.1.3 want: ^7.1.2
126 silly placeDep ROOT rrweb-cssom@0.7.1 OK for: jsdom@24.1.3 want: ^0.7.1
127 silly placeDep ROOT saxes@6.0.0 OK for: jsdom@24.1.3 want: ^6.0.0
128 silly placeDep ROOT symbol-tree@3.2.4 OK for: jsdom@24.1.3 want: ^3.2.4
129 silly placeDep ROOT tough-cookie@4.1.4 OK for: jsdom@24.1.3 want: ^4.1.4
130 silly placeDep ROOT w3c-xmlserializer@5.0.0 OK for: jsdom@24.1.3 want: ^5.0.0
131 silly placeDep ROOT webidl-conversions@7.0.0 OK for: jsdom@24.1.3 want: ^7.0.0
132 silly placeDep ROOT whatwg-encoding@3.1.1 OK for: jsdom@24.1.3 want: ^3.1.1
133 silly placeDep ROOT whatwg-mimetype@4.0.0 OK for: jsdom@24.1.3 want: ^4.0.0
134 silly placeDep ROOT whatwg-url@14.2.0 OK for: jsdom@24.1.3 want: ^14.0.0
135 silly placeDep ROOT ws@8.18.3 OK for: jsdom@24.1.3 want: ^8.18.0
136 silly placeDep ROOT xml-name-validator@5.0.0 OK for: jsdom@24.1.3 want: ^5.0.0
137 silly fetch manifest rrweb-cssom@^0.8.0
138 silly packumentCache full:https://registry.npmjs.org/rrweb-cssom cache-miss
139 silly fetch manifest @asamuzakjp/css-color@^3.2.0
140 silly packumentCache full:https://registry.npmjs.org/@asamuzakjp%2fcss-color cache-miss
141 silly fetch manifest hasown@^2.0.2
142 silly packumentCache full:https://registry.npmjs.org/hasown cache-miss
143 silly fetch manifest asynckit@^0.4.0
144 silly packumentCache full:https://registry.npmjs.org/asynckit cache-miss
145 silly fetch manifest mime-types@^2.1.12
146 silly packumentCache full:https://registry.npmjs.org/mime-types cache-miss
147 silly fetch manifest combined-stream@^1.0.8
148 silly packumentCache full:https://registry.npmjs.org/combined-stream cache-miss
149 silly fetch manifest es-set-tostringtag@^2.1.0
150 silly packumentCache full:https://registry.npmjs.org/es-set-tostringtag cache-miss
151 http fetch GET 200 https://registry.npmjs.org/rrweb-cssom 5ms (cache hit)
152 silly packumentCache full:https://registry.npmjs.org/rrweb-cssom set size:10104 disposed:false
153 silly fetch manifest agent-base@^7.1.0
154 silly packumentCache full:https://registry.npmjs.org/agent-base cache-miss
155 http fetch GET 200 https://registry.npmjs.org/mime-types 36ms (cache miss)
156 silly packumentCache full:https://registry.npmjs.org/mime-types set size:undefined disposed:false
157 silly fetch manifest debug@^4.3.4
158 silly packumentCache full:https://registry.npmjs.org/debug cache-miss
159 http fetch GET 200 https://registry.npmjs.org/hasown 38ms (cache miss)
160 silly packumentCache full:https://registry.npmjs.org/hasown set size:undefined disposed:false
161 silly fetch manifest agent-base@^7.1.2
162 silly packumentCache full:https://registry.npmjs.org/agent-base cache-miss
163 http fetch GET 200 https://registry.npmjs.org/es-set-tostringtag 45ms (cache miss)
164 silly packumentCache full:https://registry.npmjs.org/es-set-tostringtag set size:undefined disposed:false
165 silly fetch manifest debug@4
166 silly packumentCache full:https://registry.npmjs.org/debug cache-miss
167 http fetch GET 200 https://registry.npmjs.org/asynckit 50ms (cache miss)
168 silly packumentCache full:https://registry.npmjs.org/asynckit set size:undefined disposed:false
169 silly fetch manifest entities@^6.0.0
170 silly packumentCache full:https://registry.npmjs.org/entities cache-miss
171 http fetch GET 200 https://registry.npmjs.org/agent-base 46ms (cache miss)
172 silly packumentCache full:https://registry.npmjs.org/agent-base set size:undefined disposed:false
173 silly fetch manifest xmlchars@^2.2.0
174 silly packumentCache full:https://registry.npmjs.org/xmlchars cache-miss
175 http fetch GET 200 https://registry.npmjs.org/@asamuzakjp%2fcss-color 59ms (cache miss)
176 silly packumentCache full:https://registry.npmjs.org/@asamuzakjp%2fcss-color set size:undefined disposed:false
177 silly fetch manifest psl@^1.1.33
178 silly packumentCache full:https://registry.npmjs.org/psl cache-miss
179 http fetch GET 200 https://registry.npmjs.org/combined-stream 59ms (cache miss)
180 silly packumentCache full:https://registry.npmjs.org/combined-stream set size:undefined disposed:false
181 silly fetch manifest punycode@^2.1.1
182 silly packumentCache full:https://registry.npmjs.org/punycode cache-miss
183 http fetch GET 200 https://registry.npmjs.org/agent-base 33ms (cache miss)
184 silly packumentCache full:https://registry.npmjs.org/agent-base set size:undefined disposed:false
185 silly fetch manifest url-parse@^1.5.3
186 silly packumentCache full:https://registry.npmjs.org/url-parse cache-miss
187 http fetch GET 200 https://registry.npmjs.org/debug 37ms (cache miss)
188 silly packumentCache full:https://registry.npmjs.org/debug set size:undefined disposed:false
189 silly fetch manifest universalify@^0.2.0
190 silly packumentCache full:https://registry.npmjs.org/universalify cache-miss
191 http fetch GET 200 https://registry.npmjs.org/debug 40ms (cache miss)
192 silly packumentCache full:https://registry.npmjs.org/debug set size:undefined disposed:false
193 silly fetch manifest iconv-lite@0.6.3
194 silly packumentCache full:https://registry.npmjs.org/iconv-lite cache-miss
195 http fetch GET 200 https://registry.npmjs.org/entities 42ms (cache miss)
196 silly packumentCache full:https://registry.npmjs.org/entities set size:undefined disposed:false
197 silly fetch manifest tr46@^5.1.0
198 silly packumentCache full:https://registry.npmjs.org/tr46 cache-miss
199 http fetch GET 200 https://registry.npmjs.org/psl 37ms (cache miss)
200 silly packumentCache full:https://registry.npmjs.org/psl set size:undefined disposed:false
201 http fetch GET 200 https://registry.npmjs.org/punycode 39ms (cache miss)
202 silly packumentCache full:https://registry.npmjs.org/punycode set size:undefined disposed:false
203 http fetch GET 200 https://registry.npmjs.org/xmlchars 47ms (cache miss)
204 silly packumentCache full:https://registry.npmjs.org/xmlchars set size:undefined disposed:false
205 http fetch GET 200 https://registry.npmjs.org/url-parse 37ms (cache miss)
206 silly packumentCache full:https://registry.npmjs.org/url-parse set size:undefined disposed:false
207 http fetch GET 200 https://registry.npmjs.org/universalify 39ms (cache miss)
208 silly packumentCache full:https://registry.npmjs.org/universalify set size:undefined disposed:false
209 http fetch GET 200 https://registry.npmjs.org/iconv-lite 35ms (cache miss)
210 silly packumentCache full:https://registry.npmjs.org/iconv-lite set size:undefined disposed:false
211 http fetch GET 200 https://registry.npmjs.org/tr46 41ms (cache miss)
212 silly packumentCache full:https://registry.npmjs.org/tr46 set size:undefined disposed:false
213 silly placeDep ROOT @asamuzakjp/css-color@3.2.0 OK for: cssstyle@4.6.0 want: ^3.2.0
214 silly placeDep node_modules/cssstyle rrweb-cssom@0.8.0 OK for: cssstyle@4.6.0 want: ^0.8.0
215 silly fetch manifest lru-cache@^10.4.3
216 silly packumentCache full:https://registry.npmjs.org/lru-cache cache-miss
217 silly fetch manifest @csstools/css-calc@^2.1.3
218 silly packumentCache full:https://registry.npmjs.org/@csstools%2fcss-calc cache-miss
219 silly fetch manifest @csstools/css-tokenizer@^3.0.3
220 silly packumentCache full:https://registry.npmjs.org/@csstools%2fcss-tokenizer cache-miss
221 silly fetch manifest @csstools/css-color-parser@^3.0.9
222 silly packumentCache full:https://registry.npmjs.org/@csstools%2fcss-color-parser cache-miss
223 silly fetch manifest @csstools/css-parser-algorithms@^3.0.4
224 silly packumentCache full:https://registry.npmjs.org/@csstools%2fcss-parser-algorithms cache-miss
225 http fetch GET 200 https://registry.npmjs.org/lru-cache 47ms (cache miss)
226 silly packumentCache full:https://registry.npmjs.org/lru-cache set size:undefined disposed:false
227 http fetch GET 200 https://registry.npmjs.org/@csstools%2fcss-parser-algorithms 50ms (cache miss)
228 silly packumentCache full:https://registry.npmjs.org/@csstools%2fcss-parser-algorithms set size:undefined disposed:false
229 http fetch GET 200 https://registry.npmjs.org/@csstools%2fcss-color-parser 62ms (cache miss)
230 silly packumentCache full:https://registry.npmjs.org/@csstools%2fcss-color-parser set size:undefined disposed:false
231 http fetch GET 200 https://registry.npmjs.org/@csstools%2fcss-calc 65ms (cache miss)
232 silly packumentCache full:https://registry.npmjs.org/@csstools%2fcss-calc set size:undefined disposed:false
233 http fetch GET 200 https://registry.npmjs.org/@csstools%2fcss-tokenizer 73ms (cache miss)
234 silly packumentCache full:https://registry.npmjs.org/@csstools%2fcss-tokenizer set size:undefined disposed:false
235 silly placeDep ROOT @csstools/css-calc@2.1.4 OK for: @asamuzakjp/css-color@3.2.0 want: ^2.1.3
236 silly placeDep ROOT @csstools/css-parser-algorithms@3.0.5 OK for: @csstools/css-calc@2.1.4 want: ^3.0.5
237 silly placeDep ROOT @csstools/css-tokenizer@3.0.4 OK for: @csstools/css-parser-algorithms@3.0.5 want: ^3.0.4
238 silly placeDep ROOT @csstools/css-color-parser@3.0.10 OK for: @asamuzakjp/css-color@3.2.0 want: ^3.0.9
239 silly placeDep ROOT lru-cache@10.4.3 OK for: @asamuzakjp/css-color@3.2.0 want: ^10.4.3
240 silly fetch manifest @csstools/color-helpers@^5.0.2
241 silly packumentCache full:https://registry.npmjs.org/@csstools%2fcolor-helpers cache-miss
242 http fetch GET 200 https://registry.npmjs.org/@csstools%2fcolor-helpers 50ms (cache miss)
243 silly packumentCache full:https://registry.npmjs.org/@csstools%2fcolor-helpers set size:undefined disposed:false
244 silly placeDep ROOT @csstools/color-helpers@5.0.2 OK for: @csstools/css-color-parser@3.0.10 want: ^5.0.2
245 silly placeDep ROOT asynckit@0.4.0 OK for: form-data@4.0.4 want: ^0.4.0
246 silly placeDep ROOT combined-stream@1.0.8 OK for: form-data@4.0.4 want: ^1.0.8
247 silly placeDep ROOT es-set-tostringtag@2.1.0 OK for: form-data@4.0.4 want: ^2.1.0
248 silly placeDep ROOT hasown@2.0.2 OK for: form-data@4.0.4 want: ^2.0.2
249 silly placeDep ROOT mime-types@2.1.35 OK for: form-data@4.0.4 want: ^2.1.12
250 silly fetch manifest delayed-stream@~1.0.0
251 silly packumentCache full:https://registry.npmjs.org/delayed-stream cache-miss
252 silly fetch manifest es-errors@^1.3.0
253 silly packumentCache full:https://registry.npmjs.org/es-errors cache-miss
254 silly fetch manifest get-intrinsic@^1.2.6
255 silly packumentCache full:https://registry.npmjs.org/get-intrinsic cache-miss
256 silly fetch manifest has-tostringtag@^1.0.2
257 silly packumentCache full:https://registry.npmjs.org/has-tostringtag cache-miss
258 silly fetch manifest function-bind@^1.1.2
259 silly packumentCache full:https://registry.npmjs.org/function-bind cache-miss
260 silly fetch manifest mime-db@1.52.0
261 silly packumentCache full:https://registry.npmjs.org/mime-db cache-miss
262 http fetch GET 200 https://registry.npmjs.org/has-tostringtag 48ms (cache miss)
263 silly packumentCache full:https://registry.npmjs.org/has-tostringtag set size:undefined disposed:false
264 http fetch GET 200 https://registry.npmjs.org/es-errors 50ms (cache miss)
265 silly packumentCache full:https://registry.npmjs.org/es-errors set size:undefined disposed:false
266 http fetch GET 200 https://registry.npmjs.org/delayed-stream 51ms (cache miss)
267 silly packumentCache full:https://registry.npmjs.org/delayed-stream set size:undefined disposed:false
268 http fetch GET 200 https://registry.npmjs.org/function-bind 51ms (cache miss)
269 silly packumentCache full:https://registry.npmjs.org/function-bind set size:undefined disposed:false
270 http fetch GET 200 https://registry.npmjs.org/get-intrinsic 53ms (cache miss)
271 silly packumentCache full:https://registry.npmjs.org/get-intrinsic set size:undefined disposed:false
272 http fetch GET 200 https://registry.npmjs.org/mime-db 53ms (cache miss)
273 silly packumentCache full:https://registry.npmjs.org/mime-db set size:undefined disposed:false
274 silly placeDep ROOT delayed-stream@1.0.0 OK for: combined-stream@1.0.8 want: ~1.0.0
275 silly placeDep ROOT es-errors@1.3.0 OK for: es-set-tostringtag@2.1.0 want: ^1.3.0
276 silly placeDep ROOT get-intrinsic@1.3.0 OK for: es-set-tostringtag@2.1.0 want: ^1.2.6
277 silly placeDep ROOT has-tostringtag@1.0.2 OK for: es-set-tostringtag@2.1.0 want: ^1.0.2
278 silly fetch manifest call-bind-apply-helpers@^1.0.2
279 silly packumentCache full:https://registry.npmjs.org/call-bind-apply-helpers cache-miss
280 silly fetch manifest es-define-property@^1.0.1
281 silly packumentCache full:https://registry.npmjs.org/es-define-property cache-miss
282 silly fetch manifest es-object-atoms@^1.1.1
283 silly packumentCache full:https://registry.npmjs.org/es-object-atoms cache-miss
284 silly fetch manifest get-proto@^1.0.1
285 silly packumentCache full:https://registry.npmjs.org/get-proto cache-miss
286 silly fetch manifest gopd@^1.2.0
287 silly packumentCache full:https://registry.npmjs.org/gopd cache-miss
288 silly fetch manifest has-symbols@^1.1.0
289 silly packumentCache full:https://registry.npmjs.org/has-symbols cache-miss
290 silly fetch manifest math-intrinsics@^1.1.0
291 silly packumentCache full:https://registry.npmjs.org/math-intrinsics cache-miss
292 http fetch GET 200 https://registry.npmjs.org/math-intrinsics 32ms (cache miss)
293 silly packumentCache full:https://registry.npmjs.org/math-intrinsics set size:undefined disposed:false
294 silly fetch manifest has-symbols@^1.0.3
295 silly packumentCache full:https://registry.npmjs.org/has-symbols cache-miss
296 http fetch GET 200 https://registry.npmjs.org/has-symbols 34ms (cache miss)
297 silly packumentCache full:https://registry.npmjs.org/has-symbols set size:undefined disposed:false
298 http fetch GET 200 https://registry.npmjs.org/es-object-atoms 40ms (cache miss)
299 silly packumentCache full:https://registry.npmjs.org/es-object-atoms set size:undefined disposed:false
300 http fetch GET 200 https://registry.npmjs.org/es-define-property 40ms (cache miss)
301 silly packumentCache full:https://registry.npmjs.org/es-define-property set size:undefined disposed:false
302 http fetch GET 200 https://registry.npmjs.org/call-bind-apply-helpers 41ms (cache miss)
303 silly packumentCache full:https://registry.npmjs.org/call-bind-apply-helpers set size:undefined disposed:false
304 http fetch GET 200 https://registry.npmjs.org/get-proto 45ms (cache miss)
305 silly packumentCache full:https://registry.npmjs.org/get-proto set size:undefined disposed:false
306 http fetch GET 200 https://registry.npmjs.org/gopd 53ms (cache miss)
307 silly packumentCache full:https://registry.npmjs.org/gopd set size:undefined disposed:false
308 http fetch GET 200 https://registry.npmjs.org/has-symbols 34ms (cache miss)
309 silly packumentCache full:https://registry.npmjs.org/has-symbols set size:undefined disposed:false
310 silly placeDep ROOT call-bind-apply-helpers@1.0.2 OK for: get-intrinsic@1.3.0 want: ^1.0.2
311 silly placeDep ROOT es-define-property@1.0.1 OK for: get-intrinsic@1.3.0 want: ^1.0.1
312 silly placeDep ROOT es-object-atoms@1.1.1 OK for: get-intrinsic@1.3.0 want: ^1.1.1
313 silly placeDep ROOT function-bind@1.1.2 OK for: get-intrinsic@1.3.0 want: ^1.1.2
314 silly placeDep ROOT get-proto@1.0.1 OK for: get-intrinsic@1.3.0 want: ^1.0.1
315 silly placeDep ROOT gopd@1.2.0 OK for: get-intrinsic@1.3.0 want: ^1.2.0
316 silly placeDep ROOT has-symbols@1.1.0 OK for: get-intrinsic@1.3.0 want: ^1.1.0
317 silly placeDep ROOT math-intrinsics@1.1.0 OK for: get-intrinsic@1.3.0 want: ^1.1.0
318 silly fetch manifest dunder-proto@^1.0.1
319 silly packumentCache full:https://registry.npmjs.org/dunder-proto cache-miss
320 http fetch GET 200 https://registry.npmjs.org/dunder-proto 36ms (cache miss)
321 silly packumentCache full:https://registry.npmjs.org/dunder-proto set size:undefined disposed:false
322 silly placeDep ROOT dunder-proto@1.0.1 OK for: get-proto@1.0.1 want: ^1.0.1
323 silly placeDep ROOT agent-base@7.1.4 OK for: http-proxy-agent@7.0.2 want: ^7.1.0
324 silly placeDep ROOT debug@4.4.1 OK for: http-proxy-agent@7.0.2 want: ^4.3.4
325 silly fetch manifest ms@^2.1.3
326 silly packumentCache full:https://registry.npmjs.org/ms cache-miss
327 http fetch GET 200 https://registry.npmjs.org/ms 38ms (cache miss)
328 silly packumentCache full:https://registry.npmjs.org/ms set size:undefined disposed:false
329 silly placeDep ROOT ms@2.1.3 OK for: debug@4.4.1 want: ^2.1.3
330 silly placeDep ROOT mime-db@1.52.0 OK for: mime-types@2.1.35 want: 1.52.0
331 silly placeDep ROOT entities@6.0.1 OK for: parse5@7.3.0 want: ^6.0.0
332 silly placeDep ROOT xmlchars@2.2.0 OK for: saxes@6.0.0 want: ^2.2.0
333 silly placeDep ROOT psl@1.15.0 OK for: tough-cookie@4.1.4 want: ^1.1.33
334 silly placeDep ROOT punycode@2.3.1 OK for: tough-cookie@4.1.4 want: ^2.1.1
335 silly placeDep ROOT universalify@0.2.0 OK for: tough-cookie@4.1.4 want: ^0.2.0
336 silly placeDep ROOT url-parse@1.5.10 OK for: tough-cookie@4.1.4 want: ^1.5.3
337 silly fetch manifest punycode@^2.3.1
338 silly packumentCache full:https://registry.npmjs.org/punycode cache-miss
339 silly fetch manifest querystringify@^2.1.1
340 silly packumentCache full:https://registry.npmjs.org/querystringify cache-miss
341 silly fetch manifest requires-port@^1.0.0
342 silly packumentCache full:https://registry.npmjs.org/requires-port cache-miss
343 http fetch GET 200 https://registry.npmjs.org/punycode 4ms (cache hit)
344 silly packumentCache full:https://registry.npmjs.org/punycode set size:61302 disposed:false
345 http fetch GET 200 https://registry.npmjs.org/requires-port 43ms (cache miss)
346 silly packumentCache full:https://registry.npmjs.org/requires-port set size:undefined disposed:false
347 http fetch GET 200 https://registry.npmjs.org/querystringify 46ms (cache miss)
348 silly packumentCache full:https://registry.npmjs.org/querystringify set size:undefined disposed:false
349 silly placeDep ROOT querystringify@2.2.0 OK for: url-parse@1.5.10 want: ^2.1.1
350 silly placeDep ROOT requires-port@1.0.0 OK for: url-parse@1.5.10 want: ^1.0.0
351 silly placeDep ROOT iconv-lite@0.6.3 OK for: whatwg-encoding@3.1.1 want: 0.6.3
352 silly fetch manifest safer-buffer@>= 2.1.2 < 3.0.0
353 silly packumentCache full:https://registry.npmjs.org/safer-buffer cache-miss
354 http fetch GET 200 https://registry.npmjs.org/safer-buffer 43ms (cache miss)
355 silly packumentCache full:https://registry.npmjs.org/safer-buffer set size:undefined disposed:false
356 silly placeDep ROOT safer-buffer@2.1.2 OK for: iconv-lite@0.6.3 want: >= 2.1.2 < 3.0.0
357 silly placeDep ROOT tr46@5.1.1 OK for: whatwg-url@14.2.0 want: ^5.1.0
358 silly reify moves {}
359 silly audit bulk request {
359 silly audit   jsdom: [ '24.1.3' ],
359 silly audit   cssstyle: [ '4.6.0' ],
359 silly audit   'data-urls': [ '5.0.0' ],
359 silly audit   'decimal.js': [ '10.6.0' ],
359 silly audit   'form-data': [ '4.0.4' ],
359 silly audit   'html-encoding-sniffer': [ '4.0.0' ],
359 silly audit   'http-proxy-agent': [ '7.0.2' ],
359 silly audit   'https-proxy-agent': [ '7.0.6' ],
359 silly audit   'is-potential-custom-element-name': [ '1.0.1' ],
359 silly audit   nwsapi: [ '2.2.21' ],
359 silly audit   parse5: [ '7.3.0' ],
359 silly audit   'rrweb-cssom': [ '0.7.1', '0.8.0' ],
359 silly audit   saxes: [ '6.0.0' ],
359 silly audit   'symbol-tree': [ '3.2.4' ],
359 silly audit   'tough-cookie': [ '4.1.4' ],
359 silly audit   'w3c-xmlserializer': [ '5.0.0' ],
359 silly audit   'webidl-conversions': [ '7.0.0' ],
359 silly audit   'whatwg-encoding': [ '3.1.1' ],
359 silly audit   'whatwg-mimetype': [ '4.0.0' ],
359 silly audit   'whatwg-url': [ '14.2.0' ],
359 silly audit   ws: [ '8.18.3' ],
359 silly audit   'xml-name-validator': [ '5.0.0' ],
359 silly audit   '@asamuzakjp/css-color': [ '3.2.0' ],
359 silly audit   '@csstools/css-calc': [ '2.1.4' ],
359 silly audit   '@csstools/css-parser-algorithms': [ '3.0.5' ],
359 silly audit   '@csstools/css-tokenizer': [ '3.0.4' ],
359 silly audit   '@csstools/css-color-parser': [ '3.0.10' ],
359 silly audit   'lru-cache': [ '10.4.3' ],
359 silly audit   '@csstools/color-helpers': [ '5.0.2' ],
359 silly audit   asynckit: [ '0.4.0' ],
359 silly audit   'combined-stream': [ '1.0.8' ],
359 silly audit   'es-set-tostringtag': [ '2.1.0' ],
359 silly audit   hasown: [ '2.0.2' ],
359 silly audit   'mime-types': [ '2.1.35' ],
359 silly audit   'delayed-stream': [ '1.0.0' ],
359 silly audit   'es-errors': [ '1.3.0' ],
359 silly audit   'get-intrinsic': [ '1.3.0' ],
359 silly audit   'has-tostringtag': [ '1.0.2' ],
359 silly audit   'call-bind-apply-helpers': [ '1.0.2' ],
359 silly audit   'es-define-property': [ '1.0.1' ],
359 silly audit   'es-object-atoms': [ '1.1.1' ],
359 silly audit   'function-bind': [ '1.1.2' ],
359 silly audit   'get-proto': [ '1.0.1' ],
359 silly audit   gopd: [ '1.2.0' ],
359 silly audit   'has-symbols': [ '1.1.0' ],
359 silly audit   'math-intrinsics': [ '1.1.0' ],
359 silly audit   'dunder-proto': [ '1.0.1' ],
359 silly audit   'agent-base': [ '7.1.4' ],
359 silly audit   debug: [ '4.4.1' ],
359 silly audit   ms: [ '2.1.3' ],
359 silly audit   'mime-db': [ '1.52.0' ],
359 silly audit   entities: [ '6.0.1' ],
359 silly audit   xmlchars: [ '2.2.0' ],
359 silly audit   psl: [ '1.15.0' ],
359 silly audit   punycode: [ '2.3.1' ],
359 silly audit   universalify: [ '0.2.0' ],
359 silly audit   'url-parse': [ '1.5.10' ],
359 silly audit   querystringify: [ '2.2.0' ],
359 silly audit   'requires-port': [ '1.0.0' ],
359 silly audit   'iconv-lite': [ '0.6.3' ],
359 silly audit   'safer-buffer': [ '2.1.2' ],
359 silly audit   tr46: [ '5.1.1' ]
359 silly audit }
360 silly tarball no local data for safer-buffer@https://registry.npmjs.org/safer-buffer/-/safer-buffer-2.1.2.tgz. Extracting by manifest.
361 silly tarball no local data for tr46@https://registry.npmjs.org/tr46/-/tr46-5.1.1.tgz. Extracting by manifest.
362 silly tarball no local data for iconv-lite@https://registry.npmjs.org/iconv-lite/-/iconv-lite-0.6.3.tgz. Extracting by manifest.
363 silly tarball no local data for requires-port@https://registry.npmjs.org/requires-port/-/requires-port-1.0.0.tgz. Extracting by manifest.
364 silly tarball no local data for querystringify@https://registry.npmjs.org/querystringify/-/querystringify-2.2.0.tgz. Extracting by manifest.
365 silly tarball no local data for url-parse@https://registry.npmjs.org/url-parse/-/url-parse-1.5.10.tgz. Extracting by manifest.
366 silly tarball no local data for universalify@https://registry.npmjs.org/universalify/-/universalify-0.2.0.tgz. Extracting by manifest.
367 silly tarball no local data for punycode@https://registry.npmjs.org/punycode/-/punycode-2.3.1.tgz. Extracting by manifest.
368 silly tarball no local data for psl@https://registry.npmjs.org/psl/-/psl-1.15.0.tgz. Extracting by manifest.
369 silly tarball no local data for xmlchars@https://registry.npmjs.org/xmlchars/-/xmlchars-2.2.0.tgz. Extracting by manifest.
370 silly tarball no local data for mime-db@https://registry.npmjs.org/mime-db/-/mime-db-1.52.0.tgz. Extracting by manifest.
371 silly tarball no local data for entities@https://registry.npmjs.org/entities/-/entities-6.0.1.tgz. Extracting by manifest.
372 silly tarball no local data for debug@https://registry.npmjs.org/debug/-/debug-4.4.1.tgz. Extracting by manifest.
373 silly tarball no local data for dunder-proto@https://registry.npmjs.org/dunder-proto/-/dunder-proto-1.0.1.tgz. Extracting by manifest.
374 silly tarball no local data for ms@https://registry.npmjs.org/ms/-/ms-2.1.3.tgz. Extracting by manifest.
375 silly tarball no local data for es-object-atoms@https://registry.npmjs.org/es-object-atoms/-/es-object-atoms-1.1.1.tgz. Extracting by manifest.
376 silly tarball no local data for agent-base@https://registry.npmjs.org/agent-base/-/agent-base-7.1.4.tgz. Extracting by manifest.
377 silly tarball no local data for gopd@https://registry.npmjs.org/gopd/-/gopd-1.2.0.tgz. Extracting by manifest.
378 silly tarball no local data for es-define-property@https://registry.npmjs.org/es-define-property/-/es-define-property-1.0.1.tgz. Extracting by manifest.
379 silly tarball no local data for math-intrinsics@https://registry.npmjs.org/math-intrinsics/-/math-intrinsics-1.1.0.tgz. Extracting by manifest.
380 silly tarball no local data for get-proto@https://registry.npmjs.org/get-proto/-/get-proto-1.0.1.tgz. Extracting by manifest.
381 silly tarball no local data for has-symbols@https://registry.npmjs.org/has-symbols/-/has-symbols-1.1.0.tgz. Extracting by manifest.
382 silly tarball no local data for es-errors@https://registry.npmjs.org/es-errors/-/es-errors-1.3.0.tgz. Extracting by manifest.
383 silly tarball no local data for call-bind-apply-helpers@https://registry.npmjs.org/call-bind-apply-helpers/-/call-bind-apply-helpers-1.0.2.tgz. Extracting by manifest.
384 silly tarball no local data for has-tostringtag@https://registry.npmjs.org/has-tostringtag/-/has-tostringtag-1.0.2.tgz. Extracting by manifest.
385 silly tarball no local data for function-bind@https://registry.npmjs.org/function-bind/-/function-bind-1.1.2.tgz. Extracting by manifest.
386 silly tarball no local data for delayed-stream@https://registry.npmjs.org/delayed-stream/-/delayed-stream-1.0.0.tgz. Extracting by manifest.
387 silly tarball no local data for mime-types@https://registry.npmjs.org/mime-types/-/mime-types-2.1.35.tgz. Extracting by manifest.
388 silly tarball no local data for hasown@https://registry.npmjs.org/hasown/-/hasown-2.0.2.tgz. Extracting by manifest.
389 silly tarball no local data for get-intrinsic@https://registry.npmjs.org/get-intrinsic/-/get-intrinsic-1.3.0.tgz. Extracting by manifest.
390 silly tarball no local data for @csstools/css-color-parser@https://registry.npmjs.org/@csstools/css-color-parser/-/css-color-parser-3.0.10.tgz. Extracting by manifest.
391 silly tarball no local data for lru-cache@https://registry.npmjs.org/lru-cache/-/lru-cache-10.4.3.tgz. Extracting by manifest.
392 silly tarball no local data for asynckit@https://registry.npmjs.org/asynckit/-/asynckit-0.4.0.tgz. Extracting by manifest.
393 silly tarball no local data for combined-stream@https://registry.npmjs.org/combined-stream/-/combined-stream-1.0.8.tgz. Extracting by manifest.
394 silly tarball no local data for @csstools/css-tokenizer@https://registry.npmjs.org/@csstools/css-tokenizer/-/css-tokenizer-3.0.4.tgz. Extracting by manifest.
395 silly tarball no local data for @csstools/color-helpers@https://registry.npmjs.org/@csstools/color-helpers/-/color-helpers-5.0.2.tgz. Extracting by manifest.
396 silly tarball no local data for es-set-tostringtag@https://registry.npmjs.org/es-set-tostringtag/-/es-set-tostringtag-2.1.0.tgz. Extracting by manifest.
397 silly tarball no local data for @csstools/css-calc@https://registry.npmjs.org/@csstools/css-calc/-/css-calc-2.1.4.tgz. Extracting by manifest.
398 silly tarball no local data for ws@https://registry.npmjs.org/ws/-/ws-8.18.3.tgz. Extracting by manifest.
399 silly tarball no local data for @csstools/css-parser-algorithms@https://registry.npmjs.org/@csstools/css-parser-algorithms/-/css-parser-algorithms-3.0.5.tgz. Extracting by manifest.
400 silly tarball no local data for xml-name-validator@https://registry.npmjs.org/xml-name-validator/-/xml-name-validator-5.0.0.tgz. Extracting by manifest.
401 silly tarball no local data for @asamuzakjp/css-color@https://registry.npmjs.org/@asamuzakjp/css-color/-/css-color-3.2.0.tgz. Extracting by manifest.
402 silly tarball no local data for tough-cookie@https://registry.npmjs.org/tough-cookie/-/tough-cookie-4.1.4.tgz. Extracting by manifest.
403 silly tarball no local data for whatwg-encoding@https://registry.npmjs.org/whatwg-encoding/-/whatwg-encoding-3.1.1.tgz. Extracting by manifest.
404 silly tarball no local data for whatwg-url@https://registry.npmjs.org/whatwg-url/-/whatwg-url-14.2.0.tgz. Extracting by manifest.
405 silly tarball no local data for whatwg-mimetype@https://registry.npmjs.org/whatwg-mimetype/-/whatwg-mimetype-4.0.0.tgz. Extracting by manifest.
406 silly tarball no local data for webidl-conversions@https://registry.npmjs.org/webidl-conversions/-/webidl-conversions-7.0.0.tgz. Extracting by manifest.
407 silly tarball no local data for symbol-tree@https://registry.npmjs.org/symbol-tree/-/symbol-tree-3.2.4.tgz. Extracting by manifest.
408 silly tarball no local data for w3c-xmlserializer@https://registry.npmjs.org/w3c-xmlserializer/-/w3c-xmlserializer-5.0.0.tgz. Extracting by manifest.
409 silly tarball no local data for parse5@https://registry.npmjs.org/parse5/-/parse5-7.3.0.tgz. Extracting by manifest.
410 silly tarball no local data for saxes@https://registry.npmjs.org/saxes/-/saxes-6.0.0.tgz. Extracting by manifest.
411 silly tarball no local data for nwsapi@https://registry.npmjs.org/nwsapi/-/nwsapi-2.2.21.tgz. Extracting by manifest.
412 silly tarball no local data for is-potential-custom-element-name@https://registry.npmjs.org/is-potential-custom-element-name/-/is-potential-custom-element-name-1.0.1.tgz. Extracting by manifest.
413 silly tarball no local data for rrweb-cssom@https://registry.npmjs.org/rrweb-cssom/-/rrweb-cssom-0.7.1.tgz. Extracting by manifest.
414 silly tarball no local data for html-encoding-sniffer@https://registry.npmjs.org/html-encoding-sniffer/-/html-encoding-sniffer-4.0.0.tgz. Extracting by manifest.
415 silly tarball no local data for http-proxy-agent@https://registry.npmjs.org/http-proxy-agent/-/http-proxy-agent-7.0.2.tgz. Extracting by manifest.
416 silly tarball no local data for form-data@https://registry.npmjs.org/form-data/-/form-data-4.0.4.tgz. Extracting by manifest.
417 silly tarball no local data for https-proxy-agent@https://registry.npmjs.org/https-proxy-agent/-/https-proxy-agent-7.0.6.tgz. Extracting by manifest.
418 silly tarball no local data for data-urls@https://registry.npmjs.org/data-urls/-/data-urls-5.0.0.tgz. Extracting by manifest.
419 silly tarball no local data for decimal.js@https://registry.npmjs.org/decimal.js/-/decimal.js-10.6.0.tgz. Extracting by manifest.
420 silly tarball no local data for jsdom@https://registry.npmjs.org/jsdom/-/jsdom-24.1.3.tgz. Extracting by manifest.
421 silly tarball no local data for cssstyle@https://registry.npmjs.org/cssstyle/-/cssstyle-4.6.0.tgz. Extracting by manifest.
422 silly tarball no local data for rrweb-cssom@https://registry.npmjs.org/rrweb-cssom/-/rrweb-cssom-0.8.0.tgz. Extracting by manifest.
423 http fetch GET 200 https://registry.npmjs.org/safer-buffer/-/safer-buffer-2.1.2.tgz 69ms (cache miss)
424 http fetch GET 200 https://registry.npmjs.org/requires-port/-/requires-port-1.0.0.tgz 70ms (cache miss)
425 http fetch GET 200 https://registry.npmjs.org/querystringify/-/querystringify-2.2.0.tgz 70ms (cache miss)
426 http fetch GET 200 https://registry.npmjs.org/url-parse/-/url-parse-1.5.10.tgz 70ms (cache miss)
427 http fetch GET 200 https://registry.npmjs.org/tr46/-/tr46-5.1.1.tgz 70ms (cache miss)
428 http fetch GET 200 https://registry.npmjs.org/ms/-/ms-2.1.3.tgz 74ms (cache miss)
429 http fetch GET 200 https://registry.npmjs.org/iconv-lite/-/iconv-lite-0.6.3.tgz 76ms (cache miss)
430 http fetch GET 200 https://registry.npmjs.org/agent-base/-/agent-base-7.1.4.tgz 76ms (cache miss)
431 http fetch GET 200 https://registry.npmjs.org/es-object-atoms/-/es-object-atoms-1.1.1.tgz 90ms (cache miss)
432 http fetch GET 200 https://registry.npmjs.org/gopd/-/gopd-1.2.0.tgz 91ms (cache miss)
433 http fetch GET 200 https://registry.npmjs.org/es-define-property/-/es-define-property-1.0.1.tgz 97ms (cache miss)
434 http fetch GET 200 https://registry.npmjs.org/math-intrinsics/-/math-intrinsics-1.1.0.tgz 102ms (cache miss)
435 http fetch GET 200 https://registry.npmjs.org/get-proto/-/get-proto-1.0.1.tgz 105ms (cache miss)
436 http fetch GET 200 https://registry.npmjs.org/dunder-proto/-/dunder-proto-1.0.1.tgz 115ms (cache miss)
437 http fetch GET 200 https://registry.npmjs.org/has-symbols/-/has-symbols-1.1.0.tgz 115ms (cache miss)
438 http fetch GET 200 https://registry.npmjs.org/xmlchars/-/xmlchars-2.2.0.tgz 118ms (cache miss)
439 http fetch GET 200 https://registry.npmjs.org/psl/-/psl-1.15.0.tgz 119ms (cache miss)
440 http fetch GET 200 https://registry.npmjs.org/mime-db/-/mime-db-1.52.0.tgz 119ms (cache miss)
441 http fetch GET 200 https://registry.npmjs.org/punycode/-/punycode-2.3.1.tgz 119ms (cache miss)
442 http fetch GET 200 https://registry.npmjs.org/debug/-/debug-4.4.1.tgz 119ms (cache miss)
443 http fetch GET 200 https://registry.npmjs.org/universalify/-/universalify-0.2.0.tgz 126ms (cache miss)
444 http fetch GET 200 https://registry.npmjs.org/entities/-/entities-6.0.1.tgz 138ms (cache miss)
445 http fetch GET 200 https://registry.npmjs.org/call-bind-apply-helpers/-/call-bind-apply-helpers-1.0.2.tgz 136ms (cache miss)
446 http fetch GET 200 https://registry.npmjs.org/delayed-stream/-/delayed-stream-1.0.0.tgz 137ms (cache miss)
447 http fetch GET 200 https://registry.npmjs.org/es-errors/-/es-errors-1.3.0.tgz 137ms (cache miss)
448 http fetch GET 200 https://registry.npmjs.org/hasown/-/hasown-2.0.2.tgz 137ms (cache miss)
449 http fetch GET 200 https://registry.npmjs.org/get-intrinsic/-/get-intrinsic-1.3.0.tgz 138ms (cache miss)
450 http fetch GET 200 https://registry.npmjs.org/lru-cache/-/lru-cache-10.4.3.tgz 144ms (cache miss)
451 http fetch GET 200 https://registry.npmjs.org/function-bind/-/function-bind-1.1.2.tgz 148ms (cache miss)
452 http fetch GET 200 https://registry.npmjs.org/mime-types/-/mime-types-2.1.35.tgz 148ms (cache miss)
453 http fetch GET 200 https://registry.npmjs.org/combined-stream/-/combined-stream-1.0.8.tgz 150ms (cache miss)
454 http fetch GET 200 https://registry.npmjs.org/@csstools/css-color-parser/-/css-color-parser-3.0.10.tgz 153ms (cache miss)
455 http fetch GET 200 https://registry.npmjs.org/asynckit/-/asynckit-0.4.0.tgz 153ms (cache miss)
456 http fetch GET 200 https://registry.npmjs.org/es-set-tostringtag/-/es-set-tostringtag-2.1.0.tgz 161ms (cache miss)
457 http fetch GET 200 https://registry.npmjs.org/xml-name-validator/-/xml-name-validator-5.0.0.tgz 170ms (cache miss)
458 http fetch GET 200 https://registry.npmjs.org/has-tostringtag/-/has-tostringtag-1.0.2.tgz 172ms (cache miss)
459 http fetch GET 200 https://registry.npmjs.org/ws/-/ws-8.18.3.tgz 170ms (cache miss)
460 http fetch GET 200 https://registry.npmjs.org/@csstools/css-calc/-/css-calc-2.1.4.tgz 173ms (cache miss)
461 http fetch GET 200 https://registry.npmjs.org/whatwg-encoding/-/whatwg-encoding-3.1.1.tgz 185ms (cache miss)
462 http fetch GET 200 https://registry.npmjs.org/whatwg-mimetype/-/whatwg-mimetype-4.0.0.tgz 185ms (cache miss)
463 http fetch GET 200 https://registry.npmjs.org/tough-cookie/-/tough-cookie-4.1.4.tgz 186ms (cache miss)
464 http fetch GET 200 https://registry.npmjs.org/webidl-conversions/-/webidl-conversions-7.0.0.tgz 185ms (cache miss)
465 http fetch GET 200 https://registry.npmjs.org/whatwg-url/-/whatwg-url-14.2.0.tgz 188ms (cache miss)
466 http fetch GET 200 https://registry.npmjs.org/@csstools/css-parser-algorithms/-/css-parser-algorithms-3.0.5.tgz 193ms (cache miss)
467 http fetch GET 200 https://registry.npmjs.org/@csstools/css-tokenizer/-/css-tokenizer-3.0.4.tgz 197ms (cache miss)
468 http fetch GET 200 https://registry.npmjs.org/@csstools/color-helpers/-/color-helpers-5.0.2.tgz 197ms (cache miss)
469 http fetch GET 200 https://registry.npmjs.org/nwsapi/-/nwsapi-2.2.21.tgz 204ms (cache miss)
470 http fetch GET 200 https://registry.npmjs.org/@asamuzakjp/css-color/-/css-color-3.2.0.tgz 205ms (cache miss)
471 http fetch GET 200 https://registry.npmjs.org/parse5/-/parse5-7.3.0.tgz 210ms (cache miss)
472 http fetch GET 200 https://registry.npmjs.org/symbol-tree/-/symbol-tree-3.2.4.tgz 212ms (cache miss)
473 http fetch GET 200 https://registry.npmjs.org/html-encoding-sniffer/-/html-encoding-sniffer-4.0.0.tgz 212ms (cache miss)
474 http fetch GET 200 https://registry.npmjs.org/http-proxy-agent/-/http-proxy-agent-7.0.2.tgz 218ms (cache miss)
475 http fetch GET 200 https://registry.npmjs.org/w3c-xmlserializer/-/w3c-xmlserializer-5.0.0.tgz 220ms (cache miss)
476 http fetch GET 200 https://registry.npmjs.org/is-potential-custom-element-name/-/is-potential-custom-element-name-1.0.1.tgz 220ms (cache miss)
477 http fetch GET 200 https://registry.npmjs.org/rrweb-cssom/-/rrweb-cssom-0.7.1.tgz 220ms (cache miss)
478 http fetch GET 200 https://registry.npmjs.org/https-proxy-agent/-/https-proxy-agent-7.0.6.tgz 224ms (cache miss)
479 http fetch GET 200 https://registry.npmjs.org/form-data/-/form-data-4.0.4.tgz 224ms (cache miss)
480 http fetch GET 200 https://registry.npmjs.org/saxes/-/saxes-6.0.0.tgz 230ms (cache miss)
481 http fetch POST 200 https://registry.npmjs.org/-/npm/v1/security/advisories/bulk 254ms
482 silly audit report {}
483 http fetch GET 200 https://registry.npmjs.org/data-urls/-/data-urls-5.0.0.tgz 238ms (cache miss)
484 http fetch GET 200 https://registry.npmjs.org/decimal.js/-/decimal.js-10.6.0.tgz 239ms (cache miss)
485 http fetch GET 200 https://registry.npmjs.org/cssstyle/-/cssstyle-4.6.0.tgz 232ms (cache miss)
486 http fetch GET 200 https://registry.npmjs.org/jsdom/-/jsdom-24.1.3.tgz 294ms (cache miss)
487 http fetch GET 200 https://registry.npmjs.org/rrweb-cssom/-/rrweb-cssom-0.8.0.tgz 306ms (cache miss)
488 silly ADD node_modules/tr46
489 silly ADD node_modules/safer-buffer
490 silly ADD node_modules/iconv-lite
491 silly ADD node_modules/requires-port
492 silly ADD node_modules/querystringify
493 silly ADD node_modules/url-parse
494 silly ADD node_modules/universalify
495 silly ADD node_modules/punycode
496 silly ADD node_modules/psl
497 silly ADD node_modules/xmlchars
498 silly ADD node_modules/entities
499 silly ADD node_modules/mime-db
500 silly ADD node_modules/ms
501 silly ADD node_modules/debug
502 silly ADD node_modules/agent-base
503 silly ADD node_modules/dunder-proto
504 silly ADD node_modules/math-intrinsics
505 silly ADD node_modules/has-symbols
506 silly ADD node_modules/gopd
507 silly ADD node_modules/get-proto
508 silly ADD node_modules/function-bind
509 silly ADD node_modules/es-object-atoms
510 silly ADD node_modules/es-define-property
511 silly ADD node_modules/call-bind-apply-helpers
512 silly ADD node_modules/has-tostringtag
513 silly ADD node_modules/get-intrinsic
514 silly ADD node_modules/es-errors
515 silly ADD node_modules/delayed-stream
516 silly ADD node_modules/mime-types
517 silly ADD node_modules/hasown
518 silly ADD node_modules/es-set-tostringtag
519 silly ADD node_modules/combined-stream
520 silly ADD node_modules/asynckit
521 silly ADD node_modules/@csstools/color-helpers
522 silly ADD node_modules/lru-cache
523 silly ADD node_modules/@csstools/css-color-parser
524 silly ADD node_modules/@csstools/css-tokenizer
525 silly ADD node_modules/@csstools/css-parser-algorithms
526 silly ADD node_modules/@csstools/css-calc
527 silly ADD node_modules/@asamuzakjp/css-color
528 silly ADD node_modules/xml-name-validator
529 silly ADD node_modules/ws
530 silly ADD node_modules/whatwg-url
531 silly ADD node_modules/whatwg-mimetype
532 silly ADD node_modules/whatwg-encoding
533 silly ADD node_modules/webidl-conversions
534 silly ADD node_modules/w3c-xmlserializer
535 silly ADD node_modules/tough-cookie
536 silly ADD node_modules/symbol-tree
537 silly ADD node_modules/saxes
538 silly ADD node_modules/rrweb-cssom
539 silly ADD node_modules/parse5
540 silly ADD node_modules/nwsapi
541 silly ADD node_modules/is-potential-custom-element-name
542 silly ADD node_modules/https-proxy-agent
543 silly ADD node_modules/http-proxy-agent
544 silly ADD node_modules/html-encoding-sniffer
545 silly ADD node_modules/form-data
546 silly ADD node_modules/decimal.js
547 silly ADD node_modules/data-urls
548 silly ADD node_modules/cssstyle
549 silly ADD node_modules/cssstyle/node_modules/rrweb-cssom
550 silly ADD node_modules/jsdom
551 verbose cwd /Users/peter/Library/Mobile Documents/com~apple~CloudDocs/KLITE-RPmod
552 verbose os Darwin 24.6.0
553 verbose node v22.12.0
554 verbose npm  v10.9.0
555 notice
555 notice New major version of npm available! 10.9.0 -> 11.5.2
555 notice Changelog: https://github.com/npm/cli/releases/tag/v11.5.2
555 notice To update run: npm install -g npm@11.5.2
555 notice  { force: true, [Symbol(proc-log.meta)]: true }
556 verbose exit 0
557 info ok
